[2023-07-31 00:04:05] INFO root fetch - main [MainThread]: Get Changelog since Serial: [19099762]
[2023-07-31 00:04:10] INFO root fetch - main [MainThread]: Found 5 changed packages
[2023-07-31 00:04:10] INFO root fetch - processPackages [ThreadPoolExecutor-0_0]: Start processing: data-ecosystem-flask
[2023-07-31 00:04:10] INFO root fetch - processPackages [ThreadPoolExecutor-0_1]: Start processing: promptlayer
[2023-07-31 00:04:10] INFO root fetch - processPackages [ThreadPoolExecutor-0_2]: Start processing: meta-di
[2023-07-31 00:04:10] INFO root fetch - processPackages [ThreadPoolExecutor-0_3]: Start processing: nichord
[2023-07-31 00:04:10] INFO root fetch - processPackages [ThreadPoolExecutor-0_4]: Start processing: nichord
[2023-07-31 00:04:10] INFO root fetch - processPackages [data-ecosystem-flask]: New version: [202307.0.4] Old Version: [202307.0.3]
[2023-07-31 00:04:10] INFO root fetch - processPackages [nichord]: New version: [0.2.2] Old Version: [0.2.1]
[2023-07-31 00:04:10] WARNING root fetch - processPackages [meta-di]: Skipping, unable to determine old version
[2023-07-31 00:04:10] INFO root fetch - processPackages [promptlayer]: New version: [0.1.94] Old Version: [0.1.93]
[2023-07-31 00:04:10] INFO root fetch - main [MainThread]: End processing [meta-di] error
[2023-07-31 00:04:10] INFO root fetch - processPackages [nichord]: New version: [0.2.2] Old Version: [0.2.1]
[2023-07-31 00:04:11] INFO root fetch - processPackages [promptlayer]: Downloading https://files.pythonhosted.org/packages/3b/ab/4a8fcf701e98a6788bd9fb23ab62f0bebdcabaeadc177f6960f33e7dcb9b/promptlayer-0.1.93.tar.gz
[2023-07-31 00:04:11] INFO root fetch - processPackages [nichord]: Downloading https://files.pythonhosted.org/packages/51/59/87e6b7a2fa5c6c28c7ac45001f81f7b8039ff569219ee6d74176053ec444/nichord-0.2.1.tar.gz
[2023-07-31 00:04:11] INFO root fetch - processPackages [nichord]: Downloading https://files.pythonhosted.org/packages/51/59/87e6b7a2fa5c6c28c7ac45001f81f7b8039ff569219ee6d74176053ec444/nichord-0.2.1.tar.gz
[2023-07-31 00:04:11] INFO root fetch - processPackages [data-ecosystem-flask]: Downloading https://files.pythonhosted.org/packages/c2/c5/7c10619ab0474e1d0f812ca8441321f0989651c088004a698fdc864fce97/data_ecosystem_flask-202307.0.3.tar.gz
[2023-07-31 00:04:11] INFO root fetch - processPackages [promptlayer]: Downloading https://files.pythonhosted.org/packages/f2/0d/15d63d66f497e054fa1a989e716a102cf66d7b458f13f325370482ffbeac/promptlayer-0.1.94.tar.gz
[2023-07-31 00:04:11] INFO root fetch - processPackages [data-ecosystem-flask]: Downloading https://files.pythonhosted.org/packages/b2/63/f9972c9325aaa8f072021458434c5735720e575e3a4875f4e556734529e8/data_ecosystem_flask-202307.0.4.tar.gz
[2023-07-31 00:04:11] INFO root fetch - processPackages [nichord]: Downloading https://files.pythonhosted.org/packages/1e/16/9fdd465815a6db3d2beba6afe2cbd291e532711d7af4bdc1ac76ec3ae083/nichord-0.2.2.tar.gz
[2023-07-31 00:04:11] INFO root fetch - processPackages [nichord]: Downloading https://files.pythonhosted.org/packages/1e/16/9fdd465815a6db3d2beba6afe2cbd291e532711d7af4bdc1ac76ec3ae083/nichord-0.2.2.tar.gz
[2023-07-31 00:04:11] INFO root fetch - processPackages [promptlayer]: executing diffoscope
[2023-07-31 00:04:11] INFO root fetch - processPackages [promptlayer]: podman run --user 0:0 --rm -w /home/abi/fetcher -v /home/abi/fetcher/tmp:/home/abi/fetcher/tmp:ro -v /home/abi/fetcher/20230731:/home/abi/fetcher/20230731:rw registry.salsa.debian.org/reproducible-builds/diffoscope --no-progress tmp/promptlayer-0.1.93.tar.gz tmp/promptlayer-0.1.94.tar.gz --markdown 20230731/p/promptlayer/0.1.93-0.1.94/diff.md --exclude *.pyd
[2023-07-31 00:04:11] INFO root fetch - processPackages [data-ecosystem-flask]: executing diffoscope
[2023-07-31 00:04:11] INFO root fetch - processPackages [data-ecosystem-flask]: podman run --user 0:0 --rm -w /home/abi/fetcher -v /home/abi/fetcher/tmp:/home/abi/fetcher/tmp:ro -v /home/abi/fetcher/20230731:/home/abi/fetcher/20230731:rw registry.salsa.debian.org/reproducible-builds/diffoscope --no-progress tmp/data_ecosystem_flask-202307.0.3.tar.gz tmp/data_ecosystem_flask-202307.0.4.tar.gz --markdown 20230731/d/data-ecosystem-flask/202307.0.3-202307.0.4/diff.md --exclude *.pyd
[2023-07-31 00:04:11] INFO root fetch - processPackages [nichord]: executing diffoscope
[2023-07-31 00:04:11] INFO root fetch - processPackages [nichord]: podman run --user 0:0 --rm -w /home/abi/fetcher -v /home/abi/fetcher/tmp:/home/abi/fetcher/tmp:ro -v /home/abi/fetcher/20230731:/home/abi/fetcher/20230731:rw registry.salsa.debian.org/reproducible-builds/diffoscope --no-progress tmp/nichord-0.2.1.tar.gz tmp/nichord-0.2.2.tar.gz --markdown 20230731/n/nichord/0.2.1-0.2.2/diff.md --exclude *.pyd
[2023-07-31 00:04:11] INFO root fetch - processPackages [nichord]: executing diffoscope
[2023-07-31 00:04:11] INFO root fetch - processPackages [nichord]: podman run --user 0:0 --rm -w /home/abi/fetcher -v /home/abi/fetcher/tmp:/home/abi/fetcher/tmp:ro -v /home/abi/fetcher/20230731:/home/abi/fetcher/20230731:rw registry.salsa.debian.org/reproducible-builds/diffoscope --no-progress tmp/nichord-0.2.1.tar.gz tmp/nichord-0.2.2.tar.gz --markdown 20230731/n/nichord/0.2.1-0.2.2/diff.md --exclude *.pyd
[2023-07-31 00:04:12] INFO root fetch - processPackages [nichord]: Remove: archive file [/home/abi/fetcher/tmp/nichord-0.2.1.tar.gz]
[2023-07-31 00:04:12] INFO root fetch - processPackages [nichord]: Remove: archive file [/home/abi/fetcher/tmp/nichord-0.2.2.tar.gz]
[2023-07-31 00:04:12] INFO root fetch - main [MainThread]: End processing [nichord]: success
[2023-07-31 00:04:12] INFO root fetch - main [MainThread]: End processing [nichord]: success
[2023-07-31 00:04:12] INFO root fetch - processPackages [data-ecosystem-flask]: Remove: archive file [/home/abi/fetcher/tmp/data_ecosystem_flask-202307.0.3.tar.gz]
[2023-07-31 00:04:12] INFO root fetch - processPackages [data-ecosystem-flask]: Remove: archive file [/home/abi/fetcher/tmp/data_ecosystem_flask-202307.0.4.tar.gz]
[2023-07-31 00:04:12] INFO root fetch - main [MainThread]: End processing [data-ecosystem-flask]: success
[2023-07-31 00:04:12] INFO root fetch - processPackages [promptlayer]: Remove: archive file [/home/abi/fetcher/tmp/promptlayer-0.1.93.tar.gz]
[2023-07-31 00:04:12] INFO root fetch - processPackages [promptlayer]: Remove: archive file [/home/abi/fetcher/tmp/promptlayer-0.1.94.tar.gz]
[2023-07-31 00:04:12] INFO root fetch - main [MainThread]: End processing [promptlayer]: success
[2023-07-31 00:04:12] INFO root fetch - main [MainThread]: Store serial: [19099778]
[2023-07-31 00:09:16] INFO root fetch - main [MainThread]: Get Changelog since Serial: [19099778]
[2023-07-31 00:09:20] INFO root fetch - main [MainThread]: Found 5 changed packages
[2023-07-31 00:09:21] INFO root fetch - processPackages [ThreadPoolExecutor-0_0]: Start processing: dbtc
[2023-07-31 00:09:21] INFO root fetch - processPackages [ThreadPoolExecutor-0_1]: Start processing: ydl-podcast
[2023-07-31 00:09:21] INFO root fetch - processPackages [ThreadPoolExecutor-0_2]: Start processing: clientele
[2023-07-31 00:09:21] INFO root fetch - processPackages [ThreadPoolExecutor-0_3]: Start processing: fastapi-cruddy-framework
[2023-07-31 00:09:21] INFO root fetch - processPackages [ThreadPoolExecutor-0_4]: Start processing: homeassistant
[2023-07-31 00:09:21] INFO root fetch - processPackages [clientele]: New version: [0.3.2] Old Version: [0.3.1]
[2023-07-31 00:09:21] INFO root fetch - processPackages [ydl-podcast]: New version: [1.2.1] Old Version: [1.2.0]
[2023-07-31 00:09:21] INFO root fetch - processPackages [dbtc]: New version: [0.5.2] Old Version: [0.5.1]
[2023-07-31 00:09:21] INFO root fetch - processPackages [fastapi-cruddy-framework]: New version: [0.0.9] Old Version: [0.0.8]
[2023-07-31 00:09:21] INFO root fetch - processPackages [homeassistant]: New version: [2023.8.0b2] Old Version: [2023.8.0b1]
[2023-07-31 00:09:21] INFO root fetch - processPackages [ydl-podcast]: Downloading https://files.pythonhosted.org/packages/40/fb/9be770539086662970504680f1acf44332baec0c6c98893d28732b7f0d6a/ydl_podcast-1.2.0.tar.gz
[2023-07-31 00:09:21] INFO root fetch - processPackages [dbtc]: Downloading https://files.pythonhosted.org/packages/f2/ed/e7f87816867bd37ae68b47229f25c4294a40a8385e850035bde73278be75/dbtc-0.5.1.tar.gz
[2023-07-31 00:09:21] INFO root fetch - processPackages [clientele]: Downloading https://files.pythonhosted.org/packages/88/1c/3edab39cb739dd162c142f831e80eebddc17a36ef7845b859d6d14f20384/clientele-0.3.1.tar.gz
[2023-07-31 00:09:21] INFO root fetch - processPackages [homeassistant]: Downloading https://files.pythonhosted.org/packages/d2/ef/0b1404b370554dff724c23d731729b71ed6cd276658bc14b198fd915890b/homeassistant-2023.8.0b1.tar.gz
[2023-07-31 00:09:21] INFO root fetch - processPackages [fastapi-cruddy-framework]: Downloading https://files.pythonhosted.org/packages/35/25/12d956cf6a12e9b80d068639448c3168dced8b09421e2bcc9d836834b0b0/fastapi_cruddy_framework-0.0.8.tar.gz
[2023-07-31 00:09:21] WARNING root fetch - processPackages [homeassistant]: Skipping package: exceeds size limit 15829281>=10485760
[2023-07-31 00:09:21] INFO root fetch - main [MainThread]: End processing [homeassistant] error
[2023-07-31 00:09:21] INFO root fetch - processPackages [ydl-podcast]: Downloading https://files.pythonhosted.org/packages/16/ca/09798c26859bd7dac11b8bfbff3eaaadb498cb8fe2ce8fe043b7f0d8d415/ydl_podcast-1.2.1.tar.gz
[2023-07-31 00:09:21] INFO root fetch - processPackages [dbtc]: Downloading https://files.pythonhosted.org/packages/74/6c/d09bb9b16e353e567aba3de23afbcf0f3aa1fda5ab217e2141a7fc2fab72/dbtc-0.5.2.tar.gz
[2023-07-31 00:09:21] INFO root fetch - processPackages [clientele]: Downloading https://files.pythonhosted.org/packages/c0/37/f5507b47b825a5aec990eb8766b7022347fde3a2c65e5adef038a1fce48a/clientele-0.3.2.tar.gz
[2023-07-31 00:09:22] INFO root fetch - processPackages [clientele]: executing diffoscope
[2023-07-31 00:09:22] INFO root fetch - processPackages [clientele]: podman run --user 0:0 --rm -w /home/abi/fetcher -v /home/abi/fetcher/tmp:/home/abi/fetcher/tmp:ro -v /home/abi/fetcher/20230731:/home/abi/fetcher/20230731:rw registry.salsa.debian.org/reproducible-builds/diffoscope --no-progress tmp/clientele-0.3.1.tar.gz tmp/clientele-0.3.2.tar.gz --markdown 20230731/c/clientele/0.3.1-0.3.2/diff.md --exclude *.pyd
[2023-07-31 00:09:22] INFO root fetch - processPackages [ydl-podcast]: executing diffoscope
[2023-07-31 00:09:22] INFO root fetch - processPackages [ydl-podcast]: podman run --user 0:0 --rm -w /home/abi/fetcher -v /home/abi/fetcher/tmp:/home/abi/fetcher/tmp:ro -v /home/abi/fetcher/20230731:/home/abi/fetcher/20230731:rw registry.salsa.debian.org/reproducible-builds/diffoscope --no-progress tmp/ydl_podcast-1.2.0.tar.gz tmp/ydl_podcast-1.2.1.tar.gz --markdown 20230731/y/ydl-podcast/1.2.0-1.2.1/diff.md --exclude *.pyd
[2023-07-31 00:09:22] INFO root fetch - processPackages [fastapi-cruddy-framework]: Downloading https://files.pythonhosted.org/packages/42/cf/ab76e6d9347a6ad42b9fa537b6285bf61f469bcc21324b6fd6ca9edfba97/fastapi_cruddy_framework-0.0.9.tar.gz
[2023-07-31 00:09:22] INFO root fetch - processPackages [dbtc]: executing diffoscope
[2023-07-31 00:09:22] INFO root fetch - processPackages [dbtc]: podman run --user 0:0 --rm -w /home/abi/fetcher -v /home/abi/fetcher/tmp:/home/abi/fetcher/tmp:ro -v /home/abi/fetcher/20230731:/home/abi/fetcher/20230731:rw registry.salsa.debian.org/reproducible-builds/diffoscope --no-progress tmp/dbtc-0.5.1.tar.gz tmp/dbtc-0.5.2.tar.gz --markdown 20230731/d/dbtc/0.5.1-0.5.2/diff.md --exclude *.pyd
[2023-07-31 00:09:22] INFO root fetch - processPackages [fastapi-cruddy-framework]: executing diffoscope
[2023-07-31 00:09:22] INFO root fetch - processPackages [fastapi-cruddy-framework]: podman run --user 0:0 --rm -w /home/abi/fetcher -v /home/abi/fetcher/tmp:/home/abi/fetcher/tmp:ro -v /home/abi/fetcher/20230731:/home/abi/fetcher/20230731:rw registry.salsa.debian.org/reproducible-builds/diffoscope --no-progress tmp/fastapi_cruddy_framework-0.0.8.tar.gz tmp/fastapi_cruddy_framework-0.0.9.tar.gz --markdown 20230731/f/fastapi-cruddy-framework/0.0.8-0.0.9/diff.md --exclude *.pyd
[2023-07-31 00:09:22] INFO root fetch - processPackages [clientele]: Remove: archive file [/home/abi/fetcher/tmp/clientele-0.3.1.tar.gz]
[2023-07-31 00:09:22] INFO root fetch - processPackages [clientele]: Remove: archive file [/home/abi/fetcher/tmp/clientele-0.3.2.tar.gz]
[2023-07-31 00:09:22] INFO root fetch - main [MainThread]: End processing [clientele]: success
[2023-07-31 00:09:22] INFO root fetch - processPackages [ydl-podcast]: Remove: archive file [/home/abi/fetcher/tmp/ydl_podcast-1.2.0.tar.gz]
[2023-07-31 00:09:22] INFO root fetch - processPackages [ydl-podcast]: Remove: archive file [/home/abi/fetcher/tmp/ydl_podcast-1.2.1.tar.gz]
[2023-07-31 00:09:22] INFO root fetch - main [MainThread]: End processing [ydl-podcast]: success
[2023-07-31 00:09:22] INFO root fetch - processPackages [dbtc]: Remove: archive file [/home/abi/fetcher/tmp/dbtc-0.5.1.tar.gz]
[2023-07-31 00:09:22] INFO root fetch - processPackages [dbtc]: Remove: archive file [/home/abi/fetcher/tmp/dbtc-0.5.2.tar.gz]
[2023-07-31 00:09:22] INFO root fetch - main [MainThread]: End processing [dbtc]: success
[2023-07-31 00:09:23] INFO root fetch - processPackages [fastapi-cruddy-framework]: Remove: archive file [/home/abi/fetcher/tmp/fastapi_cruddy_framework-0.0.8.tar.gz]
[2023-07-31 00:09:23] INFO root fetch - processPackages [fastapi-cruddy-framework]: Remove: archive file [/home/abi/fetcher/tmp/fastapi_cruddy_framework-0.0.9.tar.gz]
[2023-07-31 00:09:23] INFO root fetch - main [MainThread]: End processing [fastapi-cruddy-framework]: success
[2023-07-31 00:09:23] INFO root fetch - main [MainThread]: Store serial: [19099793]
